#! /usr/bin/vvp
:ivl_version "10.3 (stable)";
:ivl_delay_selection "TYPICAL";
:vpi_time_precision - 11;
:vpi_module "system";
:vpi_module "vhdl_sys";
:vpi_module "v2005_math";
:vpi_module "va_math";
S_0x5607bdf3f580 .scope module, "alu_tb" "alu_tb" 2 3;
 .timescale -9 -11;
v0x5607bdf7ea80_0 .var/i "errores", 31 0;
v0x5607bdf7eb80_0 .var "t_A", 3 0;
v0x5607bdf7ec40_0 .var "t_B", 3 0;
v0x5607bdf7ece0_0 .var "t_Op", 1 0;
v0x5607bdf7eda0_0 .net "t_R", 3 0, L_0x5607bdf84490;  1 drivers
v0x5607bdf7eeb0_0 .net "t_c", 0 0, L_0x5607bdf81680;  1 drivers
v0x5607bdf7efa0_0 .var "t_l", 0 0;
v0x5607bdf7f090_0 .net "t_s", 0 0, L_0x5607bdf84900;  1 drivers
v0x5607bdf7f180_0 .net "t_z", 0 0, L_0x5607bdf84810;  1 drivers
S_0x5607bdf3c420 .scope task, "check" "check" 2 47, 2 47 0, S_0x5607bdf3f580;
 .timescale -9 -11;
v0x5607bdf4b090_0 .var "flag_carry", 0 0;
v0x5607bdf73d10_0 .var "flag_sign", 0 0;
v0x5607bdf73dd0_0 .var "flag_zero", 0 0;
v0x5607bdf73e70_0 .var "result", 4 0;
TD_alu_tb.check ;
    %load/vec4 v0x5607bdf7efa0_0;
    %flag_set/vec4 8;
    %jmp/0xz  T_0.0, 8;
    %load/vec4 v0x5607bdf7ece0_0;
    %dup/vec4;
    %pushi/vec4 0, 0, 2;
    %cmp/u;
    %jmp/1 T_0.2, 6;
    %dup/vec4;
    %pushi/vec4 1, 0, 2;
    %cmp/u;
    %jmp/1 T_0.3, 6;
    %dup/vec4;
    %pushi/vec4 2, 0, 2;
    %cmp/u;
    %jmp/1 T_0.4, 6;
    %dup/vec4;
    %pushi/vec4 3, 0, 2;
    %cmp/u;
    %jmp/1 T_0.5, 6;
    %vpi_call 2 59 "$display", "ERROR. Valor no esperado para t_Op: %b", v0x5607bdf7ece0_0 {0 0 0};
    %jmp T_0.7;
T_0.2 ;
    %load/vec4 v0x5607bdf7eb80_0;
    %load/vec4 v0x5607bdf7ec40_0;
    %and;
    %ix/load 4, 0, 0;
    %flag_set/imm 4, 0;
    %store/vec4 v0x5607bdf73e70_0, 4, 4;
    %jmp T_0.7;
T_0.3 ;
    %load/vec4 v0x5607bdf7eb80_0;
    %load/vec4 v0x5607bdf7ec40_0;
    %or;
    %ix/load 4, 0, 0;
    %flag_set/imm 4, 0;
    %store/vec4 v0x5607bdf73e70_0, 4, 4;
    %jmp T_0.7;
T_0.4 ;
    %load/vec4 v0x5607bdf7eb80_0;
    %load/vec4 v0x5607bdf7ec40_0;
    %xor;
    %ix/load 4, 0, 0;
    %flag_set/imm 4, 0;
    %store/vec4 v0x5607bdf73e70_0, 4, 4;
    %jmp T_0.7;
T_0.5 ;
    %load/vec4 v0x5607bdf7eb80_0;
    %inv;
    %ix/load 4, 0, 0;
    %flag_set/imm 4, 0;
    %store/vec4 v0x5607bdf73e70_0, 4, 4;
    %jmp T_0.7;
T_0.7 ;
    %pop/vec4 1;
    %pushi/vec4 1, 1, 1;
    %store/vec4 v0x5607bdf4b090_0, 0, 1;
    %pushi/vec4 1, 1, 1;
    %store/vec4 v0x5607bdf73d10_0, 0, 1;
    %jmp T_0.1;
T_0.0 ;
    %load/vec4 v0x5607bdf7ece0_0;
    %dup/vec4;
    %pushi/vec4 0, 0, 2;
    %cmp/u;
    %jmp/1 T_0.8, 6;
    %dup/vec4;
    %pushi/vec4 1, 0, 2;
    %cmp/u;
    %jmp/1 T_0.9, 6;
    %dup/vec4;
    %pushi/vec4 2, 0, 2;
    %cmp/u;
    %jmp/1 T_0.10, 6;
    %dup/vec4;
    %pushi/vec4 3, 0, 2;
    %cmp/u;
    %jmp/1 T_0.11, 6;
    %vpi_call 2 71 "$display", "ERROR. Valor no esperado para t_Op: %b", v0x5607bdf7ece0_0 {0 0 0};
    %jmp T_0.13;
T_0.8 ;
    %load/vec4 v0x5607bdf7eb80_0;
    %pad/u 5;
    %pushi/vec4 15, 0, 5;
    %xor;
    %addi 1, 0, 5;
    %store/vec4 v0x5607bdf73e70_0, 0, 5;
    %jmp T_0.13;
T_0.9 ;
    %load/vec4 v0x5607bdf7ec40_0;
    %pad/u 5;
    %pushi/vec4 15, 0, 5;
    %xor;
    %addi 1, 0, 5;
    %store/vec4 v0x5607bdf73e70_0, 0, 5;
    %jmp T_0.13;
T_0.10 ;
    %load/vec4 v0x5607bdf7eb80_0;
    %pad/u 5;
    %load/vec4 v0x5607bdf7ec40_0;
    %pad/u 5;
    %add;
    %store/vec4 v0x5607bdf73e70_0, 0, 5;
    %jmp T_0.13;
T_0.11 ;
    %load/vec4 v0x5607bdf7eb80_0;
    %pad/u 5;
    %load/vec4 v0x5607bdf7ec40_0;
    %pad/u 5;
    %pushi/vec4 15, 0, 5;
    %xor;
    %addi 1, 0, 5;
    %add;
    %store/vec4 v0x5607bdf73e70_0, 0, 5;
    %jmp T_0.13;
T_0.13 ;
    %pop/vec4 1;
    %load/vec4 v0x5607bdf73e70_0;
    %parti/s 1, 4, 4;
    %store/vec4 v0x5607bdf4b090_0, 0, 1;
    %load/vec4 v0x5607bdf73e70_0;
    %parti/s 1, 3, 3;
    %store/vec4 v0x5607bdf73d10_0, 0, 1;
    %load/vec4 v0x5607bdf73d10_0;
    %load/vec4 v0x5607bdf7f090_0;
    %cmp/ne;
    %flag_mov 8, 6;
    %load/vec4 v0x5607bdf4b090_0;
    %load/vec4 v0x5607bdf7eeb0_0;
    %cmp/ne;
    %flag_or 6, 8;
    %jmp/0xz  T_0.14, 6;
    %load/vec4 v0x5607bdf7ea80_0;
    %addi 1, 0, 32;
    %store/vec4 v0x5607bdf7ea80_0, 0, 32;
    %vpi_call 2 78 "$display", "ERROR con operacion L=%b, OP=%b A=%b B=%b", v0x5607bdf7efa0_0, v0x5607bdf7ece0_0, v0x5607bdf7eb80_0, v0x5607bdf7ec40_0 {0 0 0};
    %load/vec4 v0x5607bdf73d10_0;
    %load/vec4 v0x5607bdf7f090_0;
    %cmp/ne;
    %jmp/0xz  T_0.16, 6;
    %vpi_call 2 80 "$display", "ERROR. Flag de signo esperado %b, obtenido %b", v0x5607bdf73d10_0, v0x5607bdf7f090_0 {0 0 0};
T_0.16 ;
    %load/vec4 v0x5607bdf4b090_0;
    %load/vec4 v0x5607bdf7eeb0_0;
    %cmp/ne;
    %jmp/0xz  T_0.18, 6;
    %vpi_call 2 82 "$display", "\011Flag de acarreo esperado %b, obtenido %b", v0x5607bdf4b090_0, v0x5607bdf7eeb0_0 {0 0 0};
T_0.18 ;
T_0.14 ;
T_0.1 ;
    %load/vec4 v0x5607bdf73e70_0;
    %parti/s 4, 0, 2;
    %nor/r;
    %store/vec4 v0x5607bdf73dd0_0, 0, 1;
    %load/vec4 v0x5607bdf73e70_0;
    %parti/s 4, 0, 2;
    %load/vec4 v0x5607bdf7eda0_0;
    %cmp/ne;
    %flag_mov 8, 6;
    %load/vec4 v0x5607bdf73dd0_0;
    %load/vec4 v0x5607bdf7f180_0;
    %cmp/ne;
    %flag_or 6, 8;
    %jmp/0xz  T_0.20, 6;
    %load/vec4 v0x5607bdf7ea80_0;
    %addi 1, 0, 32;
    %store/vec4 v0x5607bdf7ea80_0, 0, 32;
    %vpi_call 2 90 "$display", "ERROR con operacion L=%b, OP=%b A=%b B=%b", v0x5607bdf7efa0_0, v0x5607bdf7ece0_0, v0x5607bdf7eb80_0, v0x5607bdf7ec40_0 {0 0 0};
    %load/vec4 v0x5607bdf73e70_0;
    %parti/s 4, 0, 2;
    %load/vec4 v0x5607bdf7eda0_0;
    %cmp/ne;
    %jmp/0xz  T_0.22, 6;
    %vpi_call 2 92 "$display", "\011Resultado esperado %b, obtenido %b", &PV<v0x5607bdf73e70_0, 0, 4>, v0x5607bdf7eda0_0 {0 0 0};
T_0.22 ;
    %load/vec4 v0x5607bdf73dd0_0;
    %load/vec4 v0x5607bdf7f180_0;
    %cmp/ne;
    %jmp/0xz  T_0.24, 6;
    %vpi_call 2 94 "$display", "\011Flag de cero esperado %b, obtenido %b", v0x5607bdf73dd0_0, v0x5607bdf7f180_0 {0 0 0};
T_0.24 ;
T_0.20 ;
    %end;
S_0x5607bdf73f50 .scope module, "mat" "alu" 2 12, 3 3 0, S_0x5607bdf3f580;
 .timescale -9 -11;
    .port_info 0 /OUTPUT 4 "R"
    .port_info 1 /OUTPUT 1 "zero"
    .port_info 2 /OUTPUT 1 "carry"
    .port_info 3 /OUTPUT 1 "sign"
    .port_info 4 /INPUT 4 "A"
    .port_info 5 /INPUT 4 "B"
    .port_info 6 /INPUT 2 "ALUOp"
    .port_info 7 /INPUT 1 "l"
L_0x5607bdf7f900 .functor OR 1, L_0x5607bdf7f860, v0x5607bdf7efa0_0, C4<0>, C4<0>;
L_0x5607bdf7fb90 .functor OR 1, L_0x5607bdf7fa50, L_0x5607bdf7faf0, C4<0>, C4<0>;
L_0x5607bdf7fca0 .functor OR 1, L_0x5607bdf7fb90, v0x5607bdf7efa0_0, C4<0>, C4<0>;
L_0x5607bdf7fdb0 .functor NOT 1, v0x5607bdf7efa0_0, C4<0>, C4<0>, C4<0>;
L_0x5607bdf7fef0 .functor NOT 1, L_0x5607bdf7fe20, C4<0>, C4<0>, C4<0>;
L_0x5607bdf7ff60 .functor AND 1, L_0x5607bdf7fdb0, L_0x5607bdf7fef0, C4<1>, C4<1>;
L_0x5607bdf800b0 .functor NOT 1, v0x5607bdf7efa0_0, C4<0>, C4<0>, C4<0>;
L_0x5607bdf801c0 .functor AND 1, L_0x5607bdf800b0, L_0x5607bdf80120, C4<1>, C4<1>;
L_0x5607bdf80320 .functor OR 1, L_0x5607bdf7ff60, L_0x5607bdf801c0, C4<0>, C4<0>;
L_0x5607bdf80560 .functor NOT 1, L_0x5607bdf80480, C4<0>, C4<0>, C4<0>;
L_0x5607bdf80720 .functor OR 1, L_0x5607bdf80560, L_0x5607bdf80680, C4<0>, C4<0>;
v0x5607bdf7cf10_0 .net "A", 3 0, v0x5607bdf7eb80_0;  1 drivers
v0x5607bdf7cff0_0 .net "ALUOp", 1 0, v0x5607bdf7ece0_0;  1 drivers
v0x5607bdf7d0b0_0 .net "B", 3 0, v0x5607bdf7ec40_0;  1 drivers
v0x5607bdf7d150_0 .net "R", 3 0, L_0x5607bdf84490;  alias, 1 drivers
v0x5607bdf7d240_0 .net *"_s1", 0 0, L_0x5607bdf7f860;  1 drivers
v0x5607bdf7d370_0 .net *"_s12", 0 0, L_0x5607bdf7fdb0;  1 drivers
v0x5607bdf7d450_0 .net *"_s15", 0 0, L_0x5607bdf7fe20;  1 drivers
v0x5607bdf7d530_0 .net *"_s16", 0 0, L_0x5607bdf7fef0;  1 drivers
v0x5607bdf7d610_0 .net *"_s18", 0 0, L_0x5607bdf7ff60;  1 drivers
v0x5607bdf7d780_0 .net *"_s20", 0 0, L_0x5607bdf800b0;  1 drivers
v0x5607bdf7d860_0 .net *"_s23", 0 0, L_0x5607bdf80120;  1 drivers
v0x5607bdf7d940_0 .net *"_s24", 0 0, L_0x5607bdf801c0;  1 drivers
v0x5607bdf7da20_0 .net *"_s29", 0 0, L_0x5607bdf80480;  1 drivers
v0x5607bdf7db00_0 .net *"_s30", 0 0, L_0x5607bdf80560;  1 drivers
v0x5607bdf7dbe0_0 .net *"_s33", 0 0, L_0x5607bdf80680;  1 drivers
v0x5607bdf7dcc0_0 .net *"_s5", 0 0, L_0x5607bdf7fa50;  1 drivers
v0x5607bdf7dda0_0 .net *"_s7", 0 0, L_0x5607bdf7faf0;  1 drivers
v0x5607bdf7de80_0 .net *"_s8", 0 0, L_0x5607bdf7fb90;  1 drivers
v0x5607bdf7df60_0 .net "carry", 0 0, L_0x5607bdf81680;  alias, 1 drivers
v0x5607bdf7e000_0 .net "cin0", 0 0, L_0x5607bdf80720;  1 drivers
v0x5607bdf7e0a0_0 .net "cpl", 0 0, L_0x5607bdf80320;  1 drivers
v0x5607bdf7e140_0 .net "l", 0 0, v0x5607bdf7efa0_0;  1 drivers
v0x5607bdf7e1e0_0 .net "op1", 3 0, L_0x5607bdf807e0;  1 drivers
v0x5607bdf7e280_0 .net "op1_A", 0 0, L_0x5607bdf7f900;  1 drivers
v0x5607bdf7e350_0 .net "op2", 3 0, L_0x5607bdf80e90;  1 drivers
v0x5607bdf7e3f0_0 .net "op2_B", 0 0, L_0x5607bdf7fca0;  1 drivers
v0x5607bdf7e4c0_0 .net "out_mux", 3 0, L_0x5607bdf809a0;  1 drivers
v0x5607bdf7e5b0_0 .net "out_sum", 3 0, L_0x5607bdf837a0;  1 drivers
v0x5607bdf7e6a0_0 .net "out_ul", 3 0, L_0x5607bdf841d0;  1 drivers
v0x5607bdf7e790_0 .net "sign", 0 0, L_0x5607bdf84900;  alias, 1 drivers
v0x5607bdf7e830_0 .net "temporal_carry", 0 0, L_0x5607bdf83000;  1 drivers
v0x5607bdf7e8d0_0 .net "zero", 0 0, L_0x5607bdf84810;  alias, 1 drivers
L_0x5607bdf7f860 .part v0x5607bdf7ece0_0, 1, 1;
L_0x5607bdf7fa50 .part v0x5607bdf7ece0_0, 1, 1;
L_0x5607bdf7faf0 .part v0x5607bdf7ece0_0, 0, 1;
L_0x5607bdf7fe20 .part v0x5607bdf7ece0_0, 1, 1;
L_0x5607bdf80120 .part v0x5607bdf7ece0_0, 0, 1;
L_0x5607bdf80480 .part v0x5607bdf7ece0_0, 1, 1;
L_0x5607bdf80680 .part v0x5607bdf7ece0_0, 0, 1;
S_0x5607bdf74260 .scope module, "compl" "compl1" 3 23, 4 3 0, S_0x5607bdf73f50;
 .timescale -9 -11;
    .port_info 0 /OUTPUT 4 "Out"
    .port_info 1 /INPUT 4 "Inp"
    .port_info 2 /INPUT 1 "cpl"
L_0x5607bdf80a40 .functor XOR 1, L_0x5607bdf80ab0, L_0x5607bdf80320, C4<0>, C4<0>;
L_0x5607bdf80be0 .functor XOR 1, L_0x5607bdf80ce0, L_0x5607bdf80320, C4<0>, C4<0>;
L_0x5607bdf80d80 .functor XOR 1, L_0x5607bdf80df0, L_0x5607bdf80320, C4<0>, C4<0>;
L_0x5607bdf81060 .functor XOR 1, L_0x5607bdf81150, L_0x5607bdf80320, C4<0>, C4<0>;
v0x5607bdf744a0_0 .net "Inp", 3 0, L_0x5607bdf809a0;  alias, 1 drivers
v0x5607bdf745a0_0 .net "Out", 3 0, L_0x5607bdf80e90;  alias, 1 drivers
v0x5607bdf74680_0 .net *"_s0", 0 0, L_0x5607bdf80a40;  1 drivers
v0x5607bdf74740_0 .net *"_s11", 0 0, L_0x5607bdf80df0;  1 drivers
v0x5607bdf74820_0 .net *"_s12", 0 0, L_0x5607bdf81060;  1 drivers
v0x5607bdf74950_0 .net *"_s16", 0 0, L_0x5607bdf81150;  1 drivers
v0x5607bdf74a30_0 .net *"_s3", 0 0, L_0x5607bdf80ab0;  1 drivers
v0x5607bdf74b10_0 .net *"_s4", 0 0, L_0x5607bdf80be0;  1 drivers
v0x5607bdf74bf0_0 .net *"_s7", 0 0, L_0x5607bdf80ce0;  1 drivers
v0x5607bdf74cd0_0 .net *"_s8", 0 0, L_0x5607bdf80d80;  1 drivers
v0x5607bdf74db0_0 .net "cpl", 0 0, L_0x5607bdf80320;  alias, 1 drivers
L_0x5607bdf80ab0 .part L_0x5607bdf809a0, 0, 1;
L_0x5607bdf80ce0 .part L_0x5607bdf809a0, 1, 1;
L_0x5607bdf80df0 .part L_0x5607bdf809a0, 2, 1;
L_0x5607bdf80e90 .concat8 [ 1 1 1 1], L_0x5607bdf80a40, L_0x5607bdf80be0, L_0x5607bdf80d80, L_0x5607bdf81060;
L_0x5607bdf81150 .part L_0x5607bdf809a0, 3, 1;
S_0x5607bdf74ef0 .scope module, "flags1" "flags" 3 32, 5 3 0, S_0x5607bdf73f50;
 .timescale -9 -11;
    .port_info 0 /OUTPUT 1 "zero"
    .port_info 1 /OUTPUT 1 "carry"
    .port_info 2 /OUTPUT 1 "sign"
    .port_info 3 /INPUT 4 "R"
    .port_info 4 /INPUT 1 "temporal_carry"
L_0x5607bdf81680 .functor BUFZ 1, L_0x5607bdf83000, C4<0>, C4<0>, C4<0>;
v0x5607bdf75070_0 .net "R", 3 0, L_0x5607bdf84490;  alias, 1 drivers
L_0x7f8f869413c0 .functor BUFT 1, C4<0000>, C4<0>, C4<0>, C4<0>;
v0x5607bdf75150_0 .net/2u *"_s0", 3 0, L_0x7f8f869413c0;  1 drivers
v0x5607bdf75230_0 .net *"_s2", 0 0, L_0x5607bdf845f0;  1 drivers
L_0x7f8f86941408 .functor BUFT 1, C4<0000>, C4<0>, C4<0>, C4<0>;
v0x5607bdf752d0_0 .net/2u *"_s4", 3 0, L_0x7f8f86941408;  1 drivers
L_0x7f8f86941450 .functor BUFT 1, C4<0001>, C4<0>, C4<0>, C4<0>;
v0x5607bdf753b0_0 .net/2u *"_s6", 3 0, L_0x7f8f86941450;  1 drivers
v0x5607bdf754e0_0 .net *"_s8", 3 0, L_0x5607bdf846f0;  1 drivers
v0x5607bdf755c0_0 .net "carry", 0 0, L_0x5607bdf81680;  alias, 1 drivers
v0x5607bdf75680_0 .net "sign", 0 0, L_0x5607bdf84900;  alias, 1 drivers
v0x5607bdf75740_0 .net "temporal_carry", 0 0, L_0x5607bdf83000;  alias, 1 drivers
v0x5607bdf75800_0 .net "zero", 0 0, L_0x5607bdf84810;  alias, 1 drivers
L_0x5607bdf845f0 .cmp/ne 4, L_0x5607bdf84490, L_0x7f8f869413c0;
L_0x5607bdf846f0 .functor MUXZ 4, L_0x7f8f86941450, L_0x7f8f86941408, L_0x5607bdf845f0, C4<>;
L_0x5607bdf84810 .part L_0x5607bdf846f0, 0, 1;
L_0x5607bdf84900 .part L_0x5607bdf84490, 3, 1;
S_0x5607bdf75960 .scope module, "mux1" "mux2_4" 3 19, 6 3 0, S_0x5607bdf73f50;
 .timescale -9 -11;
    .port_info 0 /OUTPUT 4 "Out"
    .port_info 1 /INPUT 4 "A"
    .port_info 2 /INPUT 4 "B"
    .port_info 3 /INPUT 1 "s"
L_0x7f8f86941018 .functor BUFT 1, C4<0000>, C4<0>, C4<0>, C4<0>;
v0x5607bdf75ae0_0 .net "A", 3 0, L_0x7f8f86941018;  1 drivers
v0x5607bdf75bc0_0 .net "B", 3 0, v0x5607bdf7eb80_0;  alias, 1 drivers
v0x5607bdf75ca0_0 .net "Out", 3 0, L_0x5607bdf807e0;  alias, 1 drivers
v0x5607bdf75d60_0 .net "s", 0 0, L_0x5607bdf7f900;  alias, 1 drivers
L_0x5607bdf807e0 .functor MUXZ 4, L_0x7f8f86941018, v0x5607bdf7eb80_0, L_0x5607bdf7f900, C4<>;
S_0x5607bdf75ed0 .scope module, "mux2" "mux2_4" 3 21, 6 3 0, S_0x5607bdf73f50;
 .timescale -9 -11;
    .port_info 0 /OUTPUT 4 "Out"
    .port_info 1 /INPUT 4 "A"
    .port_info 2 /INPUT 4 "B"
    .port_info 3 /INPUT 1 "s"
v0x5607bdf760a0_0 .net "A", 3 0, v0x5607bdf7eb80_0;  alias, 1 drivers
v0x5607bdf761b0_0 .net "B", 3 0, v0x5607bdf7ec40_0;  alias, 1 drivers
v0x5607bdf76270_0 .net "Out", 3 0, L_0x5607bdf809a0;  alias, 1 drivers
v0x5607bdf76370_0 .net "s", 0 0, L_0x5607bdf7fca0;  alias, 1 drivers
L_0x5607bdf809a0 .functor MUXZ 4, v0x5607bdf7eb80_0, v0x5607bdf7ec40_0, L_0x5607bdf7fca0, C4<>;
S_0x5607bdf764c0 .scope module, "mux3" "mux2_4" 3 29, 6 3 0, S_0x5607bdf73f50;
 .timescale -9 -11;
    .port_info 0 /OUTPUT 4 "Out"
    .port_info 1 /INPUT 4 "A"
    .port_info 2 /INPUT 4 "B"
    .port_info 3 /INPUT 1 "s"
v0x5607bdf76750_0 .net "A", 3 0, L_0x5607bdf837a0;  alias, 1 drivers
v0x5607bdf76850_0 .net "B", 3 0, L_0x5607bdf841d0;  alias, 1 drivers
v0x5607bdf76930_0 .net "Out", 3 0, L_0x5607bdf84490;  alias, 1 drivers
v0x5607bdf76a00_0 .net "s", 0 0, v0x5607bdf7efa0_0;  alias, 1 drivers
L_0x5607bdf84490 .functor MUXZ 4, L_0x5607bdf837a0, L_0x5607bdf841d0, v0x5607bdf7efa0_0, C4<>;
S_0x5607bdf76b50 .scope module, "sum" "sum4" 3 25, 7 3 0, S_0x5607bdf73f50;
 .timescale -9 -11;
    .port_info 0 /OUTPUT 4 "S"
    .port_info 1 /OUTPUT 1 "c_out"
    .port_info 2 /INPUT 4 "A"
    .port_info 3 /INPUT 4 "B"
    .port_info 4 /INPUT 1 "c_in"
v0x5607bdf7a750_0 .net "A", 3 0, L_0x5607bdf807e0;  alias, 1 drivers
v0x5607bdf7a830_0 .net "B", 3 0, L_0x5607bdf80e90;  alias, 1 drivers
v0x5607bdf7a900_0 .net "S", 3 0, L_0x5607bdf837a0;  alias, 1 drivers
v0x5607bdf7aa00_0 .net "c1", 0 0, L_0x5607bdf81240;  1 drivers
v0x5607bdf7aaa0_0 .net "c2", 0 0, L_0x5607bdf81c20;  1 drivers
v0x5607bdf7abe0_0 .net "c3", 0 0, L_0x5607bdf82610;  1 drivers
v0x5607bdf7acd0_0 .net "c_in", 0 0, L_0x5607bdf80720;  alias, 1 drivers
v0x5607bdf7ad70_0 .net "c_out", 0 0, L_0x5607bdf83000;  alias, 1 drivers
L_0x5607bdf81a40 .part L_0x5607bdf807e0, 0, 1;
L_0x5607bdf81b30 .part L_0x5607bdf80e90, 0, 1;
L_0x5607bdf82400 .part L_0x5607bdf807e0, 1, 1;
L_0x5607bdf824f0 .part L_0x5607bdf80e90, 1, 1;
L_0x5607bdf82de0 .part L_0x5607bdf807e0, 2, 1;
L_0x5607bdf82ed0 .part L_0x5607bdf80e90, 2, 1;
L_0x5607bdf837a0 .concat8 [ 1 1 1 1], L_0x5607bdf812e0, L_0x5607bdf81cc0, L_0x5607bdf826b0, L_0x5607bdf83130;
L_0x5607bdf83980 .part L_0x5607bdf807e0, 3, 1;
L_0x5607bdf83bd0 .part L_0x5607bdf80e90, 3, 1;
S_0x5607bdf76d20 .scope module, "fa0" "fa" 7 6, 8 4 0, S_0x5607bdf76b50;
 .timescale -9 -11;
    .port_info 0 /OUTPUT 1 "c_out"
    .port_info 1 /OUTPUT 1 "sum"
    .port_info 2 /INPUT 1 "a"
    .port_info 3 /INPUT 1 "b"
    .port_info 4 /INPUT 1 "c_in"
L_0x7f8f869410a8 .functor BUFT 1, C4<0>, C4<0>, C4<0>, C4<0>;
v0x5607bdf76fc0_0 .net *"_s10", 0 0, L_0x7f8f869410a8;  1 drivers
v0x5607bdf770c0_0 .net *"_s11", 1 0, L_0x5607bdf815e0;  1 drivers
v0x5607bdf771a0_0 .net *"_s13", 1 0, L_0x5607bdf81790;  1 drivers
L_0x7f8f869410f0 .functor BUFT 1, C4<0>, C4<0>, C4<0>, C4<0>;
v0x5607bdf77290_0 .net *"_s16", 0 0, L_0x7f8f869410f0;  1 drivers
v0x5607bdf77370_0 .net *"_s17", 1 0, L_0x5607bdf81900;  1 drivers
v0x5607bdf774a0_0 .net *"_s3", 1 0, L_0x5607bdf813d0;  1 drivers
L_0x7f8f86941060 .functor BUFT 1, C4<0>, C4<0>, C4<0>, C4<0>;
v0x5607bdf77580_0 .net *"_s6", 0 0, L_0x7f8f86941060;  1 drivers
v0x5607bdf77660_0 .net *"_s7", 1 0, L_0x5607bdf814c0;  1 drivers
v0x5607bdf77740_0 .net "a", 0 0, L_0x5607bdf81a40;  1 drivers
v0x5607bdf77890_0 .net "b", 0 0, L_0x5607bdf81b30;  1 drivers
v0x5607bdf77950_0 .net "c_in", 0 0, L_0x5607bdf80720;  alias, 1 drivers
v0x5607bdf77a10_0 .net "c_out", 0 0, L_0x5607bdf81240;  alias, 1 drivers
v0x5607bdf77ad0_0 .net "sum", 0 0, L_0x5607bdf812e0;  1 drivers
L_0x5607bdf81240 .part L_0x5607bdf81900, 1, 1;
L_0x5607bdf812e0 .part L_0x5607bdf81900, 0, 1;
L_0x5607bdf813d0 .concat [ 1 1 0 0], L_0x5607bdf81a40, L_0x7f8f86941060;
L_0x5607bdf814c0 .concat [ 1 1 0 0], L_0x5607bdf81b30, L_0x7f8f869410a8;
L_0x5607bdf815e0 .arith/sum 2, L_0x5607bdf813d0, L_0x5607bdf814c0;
L_0x5607bdf81790 .concat [ 1 1 0 0], L_0x5607bdf80720, L_0x7f8f869410f0;
L_0x5607bdf81900 .arith/sum 2, L_0x5607bdf815e0, L_0x5607bdf81790;
S_0x5607bdf77c30 .scope module, "fa1" "fa" 7 7, 8 4 0, S_0x5607bdf76b50;
 .timescale -9 -11;
    .port_info 0 /OUTPUT 1 "c_out"
    .port_info 1 /OUTPUT 1 "sum"
    .port_info 2 /INPUT 1 "a"
    .port_info 3 /INPUT 1 "b"
    .port_info 4 /INPUT 1 "c_in"
L_0x7f8f86941180 .functor BUFT 1, C4<0>, C4<0>, C4<0>, C4<0>;
v0x5607bdf77e50_0 .net *"_s10", 0 0, L_0x7f8f86941180;  1 drivers
v0x5607bdf77f30_0 .net *"_s11", 1 0, L_0x5607bdf82010;  1 drivers
v0x5607bdf78010_0 .net *"_s13", 1 0, L_0x5607bdf82150;  1 drivers
L_0x7f8f869411c8 .functor BUFT 1, C4<0>, C4<0>, C4<0>, C4<0>;
v0x5607bdf78100_0 .net *"_s16", 0 0, L_0x7f8f869411c8;  1 drivers
v0x5607bdf781e0_0 .net *"_s17", 1 0, L_0x5607bdf822c0;  1 drivers
v0x5607bdf78310_0 .net *"_s3", 1 0, L_0x5607bdf81db0;  1 drivers
L_0x7f8f86941138 .functor BUFT 1, C4<0>, C4<0>, C4<0>, C4<0>;
v0x5607bdf783f0_0 .net *"_s6", 0 0, L_0x7f8f86941138;  1 drivers
v0x5607bdf784d0_0 .net *"_s7", 1 0, L_0x5607bdf81ef0;  1 drivers
v0x5607bdf785b0_0 .net "a", 0 0, L_0x5607bdf82400;  1 drivers
v0x5607bdf78700_0 .net "b", 0 0, L_0x5607bdf824f0;  1 drivers
v0x5607bdf787c0_0 .net "c_in", 0 0, L_0x5607bdf81240;  alias, 1 drivers
v0x5607bdf78860_0 .net "c_out", 0 0, L_0x5607bdf81c20;  alias, 1 drivers
v0x5607bdf78900_0 .net "sum", 0 0, L_0x5607bdf81cc0;  1 drivers
L_0x5607bdf81c20 .part L_0x5607bdf822c0, 1, 1;
L_0x5607bdf81cc0 .part L_0x5607bdf822c0, 0, 1;
L_0x5607bdf81db0 .concat [ 1 1 0 0], L_0x5607bdf82400, L_0x7f8f86941138;
L_0x5607bdf81ef0 .concat [ 1 1 0 0], L_0x5607bdf824f0, L_0x7f8f86941180;
L_0x5607bdf82010 .arith/sum 2, L_0x5607bdf81db0, L_0x5607bdf81ef0;
L_0x5607bdf82150 .concat [ 1 1 0 0], L_0x5607bdf81240, L_0x7f8f869411c8;
L_0x5607bdf822c0 .arith/sum 2, L_0x5607bdf82010, L_0x5607bdf82150;
S_0x5607bdf78a90 .scope module, "fa2" "fa" 7 8, 8 4 0, S_0x5607bdf76b50;
 .timescale -9 -11;
    .port_info 0 /OUTPUT 1 "c_out"
    .port_info 1 /OUTPUT 1 "sum"
    .port_info 2 /INPUT 1 "a"
    .port_info 3 /INPUT 1 "b"
    .port_info 4 /INPUT 1 "c_in"
L_0x7f8f86941258 .functor BUFT 1, C4<0>, C4<0>, C4<0>, C4<0>;
v0x5607bdf78cc0_0 .net *"_s10", 0 0, L_0x7f8f86941258;  1 drivers
v0x5607bdf78da0_0 .net *"_s11", 1 0, L_0x5607bdf82a40;  1 drivers
v0x5607bdf78e80_0 .net *"_s13", 1 0, L_0x5607bdf82b30;  1 drivers
L_0x7f8f869412a0 .functor BUFT 1, C4<0>, C4<0>, C4<0>, C4<0>;
v0x5607bdf78f70_0 .net *"_s16", 0 0, L_0x7f8f869412a0;  1 drivers
v0x5607bdf79050_0 .net *"_s17", 1 0, L_0x5607bdf82ca0;  1 drivers
v0x5607bdf79180_0 .net *"_s3", 1 0, L_0x5607bdf827a0;  1 drivers
L_0x7f8f86941210 .functor BUFT 1, C4<0>, C4<0>, C4<0>, C4<0>;
v0x5607bdf79260_0 .net *"_s6", 0 0, L_0x7f8f86941210;  1 drivers
v0x5607bdf79340_0 .net *"_s7", 1 0, L_0x5607bdf82890;  1 drivers
v0x5607bdf79420_0 .net "a", 0 0, L_0x5607bdf82de0;  1 drivers
v0x5607bdf79570_0 .net "b", 0 0, L_0x5607bdf82ed0;  1 drivers
v0x5607bdf79630_0 .net "c_in", 0 0, L_0x5607bdf81c20;  alias, 1 drivers
v0x5607bdf796d0_0 .net "c_out", 0 0, L_0x5607bdf82610;  alias, 1 drivers
v0x5607bdf79770_0 .net "sum", 0 0, L_0x5607bdf826b0;  1 drivers
L_0x5607bdf82610 .part L_0x5607bdf82ca0, 1, 1;
L_0x5607bdf826b0 .part L_0x5607bdf82ca0, 0, 1;
L_0x5607bdf827a0 .concat [ 1 1 0 0], L_0x5607bdf82de0, L_0x7f8f86941210;
L_0x5607bdf82890 .concat [ 1 1 0 0], L_0x5607bdf82ed0, L_0x7f8f86941258;
L_0x5607bdf82a40 .arith/sum 2, L_0x5607bdf827a0, L_0x5607bdf82890;
L_0x5607bdf82b30 .concat [ 1 1 0 0], L_0x5607bdf81c20, L_0x7f8f869412a0;
L_0x5607bdf82ca0 .arith/sum 2, L_0x5607bdf82a40, L_0x5607bdf82b30;
S_0x5607bdf79900 .scope module, "fa3" "fa" 7 9, 8 4 0, S_0x5607bdf76b50;
 .timescale -9 -11;
    .port_info 0 /OUTPUT 1 "c_out"
    .port_info 1 /OUTPUT 1 "sum"
    .port_info 2 /INPUT 1 "a"
    .port_info 3 /INPUT 1 "b"
    .port_info 4 /INPUT 1 "c_in"
L_0x7f8f86941330 .functor BUFT 1, C4<0>, C4<0>, C4<0>, C4<0>;
v0x5607bdf79b00_0 .net *"_s10", 0 0, L_0x7f8f86941330;  1 drivers
v0x5607bdf79c00_0 .net *"_s11", 1 0, L_0x5607bdf833b0;  1 drivers
v0x5607bdf79ce0_0 .net *"_s13", 1 0, L_0x5607bdf834f0;  1 drivers
L_0x7f8f86941378 .functor BUFT 1, C4<0>, C4<0>, C4<0>, C4<0>;
v0x5607bdf79dd0_0 .net *"_s16", 0 0, L_0x7f8f86941378;  1 drivers
v0x5607bdf79eb0_0 .net *"_s17", 1 0, L_0x5607bdf83660;  1 drivers
v0x5607bdf79fe0_0 .net *"_s3", 1 0, L_0x5607bdf831d0;  1 drivers
L_0x7f8f869412e8 .functor BUFT 1, C4<0>, C4<0>, C4<0>, C4<0>;
v0x5607bdf7a0c0_0 .net *"_s6", 0 0, L_0x7f8f869412e8;  1 drivers
v0x5607bdf7a1a0_0 .net *"_s7", 1 0, L_0x5607bdf832c0;  1 drivers
v0x5607bdf7a280_0 .net "a", 0 0, L_0x5607bdf83980;  1 drivers
v0x5607bdf7a3d0_0 .net "b", 0 0, L_0x5607bdf83bd0;  1 drivers
v0x5607bdf7a490_0 .net "c_in", 0 0, L_0x5607bdf82610;  alias, 1 drivers
v0x5607bdf7a530_0 .net "c_out", 0 0, L_0x5607bdf83000;  alias, 1 drivers
v0x5607bdf7a600_0 .net "sum", 0 0, L_0x5607bdf83130;  1 drivers
L_0x5607bdf83000 .part L_0x5607bdf83660, 1, 1;
L_0x5607bdf83130 .part L_0x5607bdf83660, 0, 1;
L_0x5607bdf831d0 .concat [ 1 1 0 0], L_0x5607bdf83980, L_0x7f8f869412e8;
L_0x5607bdf832c0 .concat [ 1 1 0 0], L_0x5607bdf83bd0, L_0x7f8f86941330;
L_0x5607bdf833b0 .arith/sum 2, L_0x5607bdf831d0, L_0x5607bdf832c0;
L_0x5607bdf834f0 .concat [ 1 1 0 0], L_0x5607bdf82610, L_0x7f8f86941378;
L_0x5607bdf83660 .arith/sum 2, L_0x5607bdf833b0, L_0x5607bdf834f0;
S_0x5607bdf7aea0 .scope module, "ul" "ul4" 3 27, 9 3 0, S_0x5607bdf73f50;
 .timescale -9 -11;
    .port_info 0 /OUTPUT 4 "Out"
    .port_info 1 /INPUT 4 "A"
    .port_info 2 /INPUT 4 "B"
    .port_info 3 /INPUT 2 "S"
v0x5607bdf7ca80_0 .net "A", 3 0, L_0x5607bdf807e0;  alias, 1 drivers
v0x5607bdf7cbb0_0 .net "B", 3 0, L_0x5607bdf80e90;  alias, 1 drivers
v0x5607bdf7ccc0_0 .net "Out", 3 0, L_0x5607bdf841d0;  alias, 1 drivers
v0x5607bdf7cd60_0 .net "S", 1 0, v0x5607bdf7ece0_0;  alias, 1 drivers
L_0x5607bdf83dd0 .part L_0x5607bdf807e0, 0, 1;
L_0x5607bdf83e70 .part L_0x5607bdf80e90, 0, 1;
L_0x5607bdf83f10 .part L_0x5607bdf807e0, 1, 1;
L_0x5607bdf83fb0 .part L_0x5607bdf80e90, 1, 1;
L_0x5607bdf84050 .part L_0x5607bdf807e0, 2, 1;
L_0x5607bdf840f0 .part L_0x5607bdf80e90, 2, 1;
L_0x5607bdf841d0 .concat8 [ 1 1 1 1], v0x5607bdf7b5e0_0, v0x5607bdf7bc20_0, v0x5607bdf7c2b0_0, v0x5607bdf7c910_0;
L_0x5607bdf842a0 .part L_0x5607bdf807e0, 3, 1;
L_0x5607bdf843c0 .part L_0x5607bdf80e90, 3, 1;
S_0x5607bdf7b0e0 .scope module, "cl0" "cl" 9 4, 10 16 0, S_0x5607bdf7aea0;
 .timescale -9 -11;
    .port_info 0 /OUTPUT 1 "out"
    .port_info 1 /INPUT 1 "a"
    .port_info 2 /INPUT 1 "b"
    .port_info 3 /INPUT 2 "S"
v0x5607bdf7b380_0 .net "S", 1 0, v0x5607bdf7ece0_0;  alias, 1 drivers
v0x5607bdf7b480_0 .net "a", 0 0, L_0x5607bdf83dd0;  1 drivers
v0x5607bdf7b540_0 .net "b", 0 0, L_0x5607bdf83e70;  1 drivers
v0x5607bdf7b5e0_0 .var "out", 0 0;
E_0x5607bdf22c70 .event edge, v0x5607bdf7b540_0, v0x5607bdf7b480_0, v0x5607bdf7b380_0;
S_0x5607bdf7b720 .scope module, "cl1" "cl" 9 5, 10 16 0, S_0x5607bdf7aea0;
 .timescale -9 -11;
    .port_info 0 /OUTPUT 1 "out"
    .port_info 1 /INPUT 1 "a"
    .port_info 2 /INPUT 1 "b"
    .port_info 3 /INPUT 2 "S"
v0x5607bdf7b9a0_0 .net "S", 1 0, v0x5607bdf7ece0_0;  alias, 1 drivers
v0x5607bdf7bab0_0 .net "a", 0 0, L_0x5607bdf83f10;  1 drivers
v0x5607bdf7bb50_0 .net "b", 0 0, L_0x5607bdf83fb0;  1 drivers
v0x5607bdf7bc20_0 .var "out", 0 0;
E_0x5607bdf247a0 .event edge, v0x5607bdf7bb50_0, v0x5607bdf7bab0_0, v0x5607bdf7b380_0;
S_0x5607bdf7bd90 .scope module, "cl2" "cl" 9 6, 10 16 0, S_0x5607bdf7aea0;
 .timescale -9 -11;
    .port_info 0 /OUTPUT 1 "out"
    .port_info 1 /INPUT 1 "a"
    .port_info 2 /INPUT 1 "b"
    .port_info 3 /INPUT 2 "S"
v0x5607bdf7c020_0 .net "S", 1 0, v0x5607bdf7ece0_0;  alias, 1 drivers
v0x5607bdf7c150_0 .net "a", 0 0, L_0x5607bdf84050;  1 drivers
v0x5607bdf7c210_0 .net "b", 0 0, L_0x5607bdf840f0;  1 drivers
v0x5607bdf7c2b0_0 .var "out", 0 0;
E_0x5607bdf22860 .event edge, v0x5607bdf7c210_0, v0x5607bdf7c150_0, v0x5607bdf7b380_0;
S_0x5607bdf7c420 .scope module, "cl3" "cl" 9 7, 10 16 0, S_0x5607bdf7aea0;
 .timescale -9 -11;
    .port_info 0 /OUTPUT 1 "out"
    .port_info 1 /INPUT 1 "a"
    .port_info 2 /INPUT 1 "b"
    .port_info 3 /INPUT 2 "S"
v0x5607bdf7c6a0_0 .net "S", 1 0, v0x5607bdf7ece0_0;  alias, 1 drivers
v0x5607bdf7c780_0 .net "a", 0 0, L_0x5607bdf842a0;  1 drivers
v0x5607bdf7c840_0 .net "b", 0 0, L_0x5607bdf843c0;  1 drivers
v0x5607bdf7c910_0 .var "out", 0 0;
E_0x5607bdf59920 .event edge, v0x5607bdf7c840_0, v0x5607bdf7c780_0, v0x5607bdf7b380_0;
S_0x5607bdf3e440 .scope module, "mux4_1" "mux4_1" 11 3;
 .timescale -9 -11;
    .port_info 0 /OUTPUT 1 "out"
    .port_info 1 /INPUT 1 "a"
    .port_info 2 /INPUT 1 "b"
    .port_info 3 /INPUT 1 "c"
    .port_info 4 /INPUT 1 "d"
    .port_info 5 /INPUT 2 "S"
o0x7f8f8698c268 .functor BUFZ 2, C4<zz>; HiZ drive
v0x5607bdf7f270_0 .net "S", 1 0, o0x7f8f8698c268;  0 drivers
o0x7f8f8698c298 .functor BUFZ 1, C4<z>; HiZ drive
v0x5607bdf7f370_0 .net "a", 0 0, o0x7f8f8698c298;  0 drivers
o0x7f8f8698c2c8 .functor BUFZ 1, C4<z>; HiZ drive
v0x5607bdf7f430_0 .net "b", 0 0, o0x7f8f8698c2c8;  0 drivers
o0x7f8f8698c2f8 .functor BUFZ 1, C4<z>; HiZ drive
v0x5607bdf7f4d0_0 .net "c", 0 0, o0x7f8f8698c2f8;  0 drivers
o0x7f8f8698c328 .functor BUFZ 1, C4<z>; HiZ drive
v0x5607bdf7f590_0 .net "d", 0 0, o0x7f8f8698c328;  0 drivers
v0x5607bdf7f6a0_0 .var "out", 0 0;
E_0x5607bdf59bc0/0 .event edge, v0x5607bdf7f270_0, v0x5607bdf7f590_0, v0x5607bdf7f4d0_0, v0x5607bdf7f430_0;
E_0x5607bdf59bc0/1 .event edge, v0x5607bdf7f370_0;
E_0x5607bdf59bc0 .event/or E_0x5607bdf59bc0/0, E_0x5607bdf59bc0/1;
    .scope S_0x5607bdf7b0e0;
T_1 ;
    %wait E_0x5607bdf22c70;
    %load/vec4 v0x5607bdf7b380_0;
    %dup/vec4;
    %pushi/vec4 0, 0, 2;
    %cmp/u;
    %jmp/1 T_1.0, 6;
    %dup/vec4;
    %pushi/vec4 1, 0, 2;
    %cmp/u;
    %jmp/1 T_1.1, 6;
    %dup/vec4;
    %pushi/vec4 2, 0, 2;
    %cmp/u;
    %jmp/1 T_1.2, 6;
    %dup/vec4;
    %pushi/vec4 3, 0, 2;
    %cmp/u;
    %jmp/1 T_1.3, 6;
    %jmp T_1.4;
T_1.0 ;
    %load/vec4 v0x5607bdf7b480_0;
    %load/vec4 v0x5607bdf7b540_0;
    %and;
    %store/vec4 v0x5607bdf7b5e0_0, 0, 1;
    %jmp T_1.4;
T_1.1 ;
    %load/vec4 v0x5607bdf7b480_0;
    %load/vec4 v0x5607bdf7b540_0;
    %or;
    %store/vec4 v0x5607bdf7b5e0_0, 0, 1;
    %jmp T_1.4;
T_1.2 ;
    %load/vec4 v0x5607bdf7b480_0;
    %load/vec4 v0x5607bdf7b540_0;
    %xor;
    %store/vec4 v0x5607bdf7b5e0_0, 0, 1;
    %jmp T_1.4;
T_1.3 ;
    %load/vec4 v0x5607bdf7b480_0;
    %inv;
    %store/vec4 v0x5607bdf7b5e0_0, 0, 1;
    %jmp T_1.4;
T_1.4 ;
    %pop/vec4 1;
    %jmp T_1;
    .thread T_1, $push;
    .scope S_0x5607bdf7b720;
T_2 ;
    %wait E_0x5607bdf247a0;
    %load/vec4 v0x5607bdf7b9a0_0;
    %dup/vec4;
    %pushi/vec4 0, 0, 2;
    %cmp/u;
    %jmp/1 T_2.0, 6;
    %dup/vec4;
    %pushi/vec4 1, 0, 2;
    %cmp/u;
    %jmp/1 T_2.1, 6;
    %dup/vec4;
    %pushi/vec4 2, 0, 2;
    %cmp/u;
    %jmp/1 T_2.2, 6;
    %dup/vec4;
    %pushi/vec4 3, 0, 2;
    %cmp/u;
    %jmp/1 T_2.3, 6;
    %jmp T_2.4;
T_2.0 ;
    %load/vec4 v0x5607bdf7bab0_0;
    %load/vec4 v0x5607bdf7bb50_0;
    %and;
    %store/vec4 v0x5607bdf7bc20_0, 0, 1;
    %jmp T_2.4;
T_2.1 ;
    %load/vec4 v0x5607bdf7bab0_0;
    %load/vec4 v0x5607bdf7bb50_0;
    %or;
    %store/vec4 v0x5607bdf7bc20_0, 0, 1;
    %jmp T_2.4;
T_2.2 ;
    %load/vec4 v0x5607bdf7bab0_0;
    %load/vec4 v0x5607bdf7bb50_0;
    %xor;
    %store/vec4 v0x5607bdf7bc20_0, 0, 1;
    %jmp T_2.4;
T_2.3 ;
    %load/vec4 v0x5607bdf7bab0_0;
    %inv;
    %store/vec4 v0x5607bdf7bc20_0, 0, 1;
    %jmp T_2.4;
T_2.4 ;
    %pop/vec4 1;
    %jmp T_2;
    .thread T_2, $push;
    .scope S_0x5607bdf7bd90;
T_3 ;
    %wait E_0x5607bdf22860;
    %load/vec4 v0x5607bdf7c020_0;
    %dup/vec4;
    %pushi/vec4 0, 0, 2;
    %cmp/u;
    %jmp/1 T_3.0, 6;
    %dup/vec4;
    %pushi/vec4 1, 0, 2;
    %cmp/u;
    %jmp/1 T_3.1, 6;
    %dup/vec4;
    %pushi/vec4 2, 0, 2;
    %cmp/u;
    %jmp/1 T_3.2, 6;
    %dup/vec4;
    %pushi/vec4 3, 0, 2;
    %cmp/u;
    %jmp/1 T_3.3, 6;
    %jmp T_3.4;
T_3.0 ;
    %load/vec4 v0x5607bdf7c150_0;
    %load/vec4 v0x5607bdf7c210_0;
    %and;
    %store/vec4 v0x5607bdf7c2b0_0, 0, 1;
    %jmp T_3.4;
T_3.1 ;
    %load/vec4 v0x5607bdf7c150_0;
    %load/vec4 v0x5607bdf7c210_0;
    %or;
    %store/vec4 v0x5607bdf7c2b0_0, 0, 1;
    %jmp T_3.4;
T_3.2 ;
    %load/vec4 v0x5607bdf7c150_0;
    %load/vec4 v0x5607bdf7c210_0;
    %xor;
    %store/vec4 v0x5607bdf7c2b0_0, 0, 1;
    %jmp T_3.4;
T_3.3 ;
    %load/vec4 v0x5607bdf7c150_0;
    %inv;
    %store/vec4 v0x5607bdf7c2b0_0, 0, 1;
    %jmp T_3.4;
T_3.4 ;
    %pop/vec4 1;
    %jmp T_3;
    .thread T_3, $push;
    .scope S_0x5607bdf7c420;
T_4 ;
    %wait E_0x5607bdf59920;
    %load/vec4 v0x5607bdf7c6a0_0;
    %dup/vec4;
    %pushi/vec4 0, 0, 2;
    %cmp/u;
    %jmp/1 T_4.0, 6;
    %dup/vec4;
    %pushi/vec4 1, 0, 2;
    %cmp/u;
    %jmp/1 T_4.1, 6;
    %dup/vec4;
    %pushi/vec4 2, 0, 2;
    %cmp/u;
    %jmp/1 T_4.2, 6;
    %dup/vec4;
    %pushi/vec4 3, 0, 2;
    %cmp/u;
    %jmp/1 T_4.3, 6;
    %jmp T_4.4;
T_4.0 ;
    %load/vec4 v0x5607bdf7c780_0;
    %load/vec4 v0x5607bdf7c840_0;
    %and;
    %store/vec4 v0x5607bdf7c910_0, 0, 1;
    %jmp T_4.4;
T_4.1 ;
    %load/vec4 v0x5607bdf7c780_0;
    %load/vec4 v0x5607bdf7c840_0;
    %or;
    %store/vec4 v0x5607bdf7c910_0, 0, 1;
    %jmp T_4.4;
T_4.2 ;
    %load/vec4 v0x5607bdf7c780_0;
    %load/vec4 v0x5607bdf7c840_0;
    %xor;
    %store/vec4 v0x5607bdf7c910_0, 0, 1;
    %jmp T_4.4;
T_4.3 ;
    %load/vec4 v0x5607bdf7c780_0;
    %inv;
    %store/vec4 v0x5607bdf7c910_0, 0, 1;
    %jmp T_4.4;
T_4.4 ;
    %pop/vec4 1;
    %jmp T_4;
    .thread T_4, $push;
    .scope S_0x5607bdf3f580;
T_5 ;
    %vpi_call 2 15 "$dumpfile", "alu.vcd" {0 0 0};
    %vpi_call 2 16 "$dumpvars" {0 0 0};
    %vpi_call 2 17 "$monitor", "tiempo=%0d A=%b B=%b L=%b Op=%b R=%b, Z=%b, C=%b, S=%b", $time, v0x5607bdf7eb80_0, v0x5607bdf7ec40_0, v0x5607bdf7efa0_0, v0x5607bdf7ece0_0, v0x5607bdf7eda0_0, v0x5607bdf7f180_0, v0x5607bdf7eeb0_0, v0x5607bdf7f090_0 {0 0 0};
    %pushi/vec4 0, 0, 32;
    %store/vec4 v0x5607bdf7ea80_0, 0, 32;
    %pushi/vec4 0, 0, 1;
    %store/vec4 v0x5607bdf7efa0_0, 0, 1;
    %pushi/vec4 2, 0, 32;
T_5.0 %dup/vec4;
    %pushi/vec4 0, 0, 32;
    %cmp/s;
    %jmp/1xz T_5.1, 5;
    %jmp/1 T_5.1, 4;
    %pushi/vec4 1, 0, 32;
    %sub;
    %pushi/vec4 0, 0, 2;
    %store/vec4 v0x5607bdf7ece0_0, 0, 2;
    %pushi/vec4 4, 0, 32;
T_5.2 %dup/vec4;
    %pushi/vec4 0, 0, 32;
    %cmp/s;
    %jmp/1xz T_5.3, 5;
    %jmp/1 T_5.3, 4;
    %pushi/vec4 1, 0, 32;
    %sub;
    %pushi/vec4 0, 0, 4;
    %store/vec4 v0x5607bdf7eb80_0, 0, 4;
    %pushi/vec4 16, 0, 32;
T_5.4 %dup/vec4;
    %pushi/vec4 0, 0, 32;
    %cmp/s;
    %jmp/1xz T_5.5, 5;
    %jmp/1 T_5.5, 4;
    %pushi/vec4 1, 0, 32;
    %sub;
    %pushi/vec4 0, 0, 4;
    %store/vec4 v0x5607bdf7ec40_0, 0, 4;
    %pushi/vec4 16, 0, 32;
T_5.6 %dup/vec4;
    %pushi/vec4 0, 0, 32;
    %cmp/s;
    %jmp/1xz T_5.7, 5;
    %jmp/1 T_5.7, 4;
    %pushi/vec4 1, 0, 32;
    %sub;
    %delay 200, 0;
    %fork TD_alu_tb.check, S_0x5607bdf3c420;
    %join;
    %load/vec4 v0x5607bdf7ec40_0;
    %addi 1, 0, 4;
    %store/vec4 v0x5607bdf7ec40_0, 0, 4;
    %jmp T_5.6;
T_5.7 ;
    %pop/vec4 1;
    %load/vec4 v0x5607bdf7eb80_0;
    %addi 1, 0, 4;
    %store/vec4 v0x5607bdf7eb80_0, 0, 4;
    %jmp T_5.4;
T_5.5 ;
    %pop/vec4 1;
    %load/vec4 v0x5607bdf7ece0_0;
    %addi 1, 0, 2;
    %store/vec4 v0x5607bdf7ece0_0, 0, 2;
    %jmp T_5.2;
T_5.3 ;
    %pop/vec4 1;
    %load/vec4 v0x5607bdf7efa0_0;
    %pad/u 2;
    %addi 1, 0, 2;
    %pad/u 1;
    %store/vec4 v0x5607bdf7efa0_0, 0, 1;
    %jmp T_5.0;
T_5.1 ;
    %pop/vec4 1;
    %vpi_call 2 41 "$display", "Encontradas %d operaciones erroneas", v0x5607bdf7ea80_0 {0 0 0};
    %vpi_call 2 43 "$finish" {0 0 0};
    %end;
    .thread T_5;
    .scope S_0x5607bdf3e440;
T_6 ;
    %wait E_0x5607bdf59bc0;
    %load/vec4 v0x5607bdf7f270_0;
    %dup/vec4;
    %pushi/vec4 0, 0, 2;
    %cmp/u;
    %jmp/1 T_6.0, 6;
    %dup/vec4;
    %pushi/vec4 1, 0, 2;
    %cmp/u;
    %jmp/1 T_6.1, 6;
    %dup/vec4;
    %pushi/vec4 2, 0, 2;
    %cmp/u;
    %jmp/1 T_6.2, 6;
    %dup/vec4;
    %pushi/vec4 3, 0, 2;
    %cmp/u;
    %jmp/1 T_6.3, 6;
    %pushi/vec4 1, 1, 1;
    %store/vec4 v0x5607bdf7f6a0_0, 0, 1;
    %jmp T_6.5;
T_6.0 ;
    %load/vec4 v0x5607bdf7f370_0;
    %store/vec4 v0x5607bdf7f6a0_0, 0, 1;
    %jmp T_6.5;
T_6.1 ;
    %load/vec4 v0x5607bdf7f430_0;
    %store/vec4 v0x5607bdf7f6a0_0, 0, 1;
    %jmp T_6.5;
T_6.2 ;
    %load/vec4 v0x5607bdf7f4d0_0;
    %store/vec4 v0x5607bdf7f6a0_0, 0, 1;
    %jmp T_6.5;
T_6.3 ;
    %load/vec4 v0x5607bdf7f590_0;
    %store/vec4 v0x5607bdf7f6a0_0, 0, 1;
    %jmp T_6.5;
T_6.5 ;
    %pop/vec4 1;
    %jmp T_6;
    .thread T_6, $push;
# The file index is used to find the file name in the following table.
:file_names 12;
    "N/A";
    "<interactive>";
    "alu_tb.v";
    "alu.v";
    "compl1.v";
    "flags.v";
    "mux2_4.v";
    "sum4.v";
    "fa.v";
    "ul4.v";
    "cl.v";
    "mux4_1.v";
